2024-09-05 09:52:47 [ERROR] o.s.b.d.LoggingFailureAnalysisReporter - 

***************************
APPLICATION FAILED TO START
***************************

Description:

Field needAdminInterceptor in com.example.demo.MyWebMVCConfigurer required a bean of type 'com.example.demo.interceptor.NeedAdminInterceptor' that could not be found.

The injection point has the following annotations:
	- @org.springframework.beans.factory.annotation.Autowired(required=true)


Action:

Consider defining a bean of type 'com.example.demo.interceptor.NeedAdminInterceptor' in your configuration.

2024-09-05 09:53:03 [ERROR] o.s.b.d.LoggingFailureAnalysisReporter - 

***************************
APPLICATION FAILED TO START
***************************

Description:

Field needAdminInterceptor in com.example.demo.MyWebMVCConfigurer required a bean of type 'com.example.demo.interceptor.NeedAdminInterceptor' that could not be found.

The injection point has the following annotations:
	- @org.springframework.beans.factory.annotation.Autowired(required=true)


Action:

Consider defining a bean of type 'com.example.demo.interceptor.NeedAdminInterceptor' in your configuration.

2024-09-05 09:53:21 [ERROR] o.s.b.d.LoggingFailureAnalysisReporter - 

***************************
APPLICATION FAILED TO START
***************************

Description:

Field needAdminInterceptor in com.example.demo.MyWebMVCConfigurer required a bean of type 'com.example.demo.interceptor.NeedAdminInterceptor' that could not be found.

The injection point has the following annotations:
	- @org.springframework.beans.factory.annotation.Autowired(required=true)


Action:

Consider defining a bean of type 'com.example.demo.interceptor.NeedAdminInterceptor' in your configuration.

2024-09-05 09:53:52 [ERROR] o.s.b.d.LoggingFailureAnalysisReporter - 

***************************
APPLICATION FAILED TO START
***************************

Description:

Field needAdminInterceptor in com.example.demo.MyWebMVCConfigurer required a bean of type 'com.example.demo.interceptor.NeedAdminInterceptor' that could not be found.

The injection point has the following annotations:
	- @org.springframework.beans.factory.annotation.Autowired(required=true)


Action:

Consider defining a bean of type 'com.example.demo.interceptor.NeedAdminInterceptor' in your configuration.

2024-09-05 09:54:10 [ERROR] o.s.b.d.LoggingFailureAnalysisReporter - 

***************************
APPLICATION FAILED TO START
***************************

Description:

Field needAdminInterceptor in com.example.demo.MyWebMVCConfigurer required a bean of type 'com.example.demo.interceptor.NeedAdminInterceptor' that could not be found.

The injection point has the following annotations:
	- @org.springframework.beans.factory.annotation.Autowired(required=true)


Action:

Consider defining a bean of type 'com.example.demo.interceptor.NeedAdminInterceptor' in your configuration.

